<?xml version="1.0" encoding="UTF-8"?>
<testsuite xmlns:xsi="http://www.w3.org/2001/XMLSchema-instance" xsi:noNamespaceSchemaLocation="https://maven.apache.org/surefire/maven-surefire-plugin/xsd/surefire-test-report.xsd" name="org.sjsu.cmpe202.parser.XmlFileParserTest" time="0.178" tests="3" errors="0" skipped="0" failures="0">
  <properties>
    <property name="sun.desktop" value="gnome"/>
    <property name="awt.toolkit" value="sun.awt.X11.XToolkit"/>
    <property name="java.specification.version" value="11"/>
    <property name="sun.cpu.isalist" value=""/>
    <property name="sun.jnu.encoding" value="UTF-8"/>
    <property name="java.class.path" value="/home/rashmisarode/IdeaProjects/CMPE202-Individual-Project/target/test-classes:/home/rashmisarode/IdeaProjects/CMPE202-Individual-Project/target/classes:/home/rashmisarode/.m2/repository/com/opencsv/opencsv/5.1/opencsv-5.1.jar:/home/rashmisarode/.m2/repository/org/apache/commons/commons-lang3/3.9/commons-lang3-3.9.jar:/home/rashmisarode/.m2/repository/org/apache/commons/commons-text/1.8/commons-text-1.8.jar:/home/rashmisarode/.m2/repository/commons-beanutils/commons-beanutils/1.9.4/commons-beanutils-1.9.4.jar:/home/rashmisarode/.m2/repository/commons-logging/commons-logging/1.2/commons-logging-1.2.jar:/home/rashmisarode/.m2/repository/commons-collections/commons-collections/3.2.2/commons-collections-3.2.2.jar:/home/rashmisarode/.m2/repository/org/apache/commons/commons-collections4/4.4/commons-collections4-4.4.jar:/home/rashmisarode/.m2/repository/com/googlecode/json-simple/json-simple/1.1.1/json-simple-1.1.1.jar:/home/rashmisarode/.m2/repository/com/cedarsoftware/json-io/4.12.0/json-io-4.12.0.jar:/home/rashmisarode/.m2/repository/junit/junit/4.11/junit-4.11.jar:/home/rashmisarode/.m2/repository/org/hamcrest/hamcrest-core/1.3/hamcrest-core-1.3.jar:"/>
    <property name="java.vm.vendor" value="Ubuntu"/>
    <property name="sun.arch.data.model" value="64"/>
    <property name="java.vendor.url" value="https://ubuntu.com/"/>
    <property name="user.timezone" value=""/>
    <property name="java.vm.specification.version" value="11"/>
    <property name="os.name" value="Linux"/>
    <property name="sun.java.launcher" value="SUN_STANDARD"/>
    <property name="user.country" value="US"/>
    <property name="sun.boot.library.path" value="/usr/lib/jvm/java-11-openjdk-amd64/lib"/>
    <property name="sun.java.command" value="/home/rashmisarode/IdeaProjects/CMPE202-Individual-Project/target/surefire/surefirebooter5741269425920362783.jar /home/rashmisarode/IdeaProjects/CMPE202-Individual-Project/target/surefire 2020-04-27T19-11-20_089-jvmRun1 surefire7986647847548669464tmp surefire_02755980919511710977tmp"/>
    <property name="jdk.debug" value="release"/>
    <property name="surefire.test.class.path" value="/home/rashmisarode/IdeaProjects/CMPE202-Individual-Project/target/test-classes:/home/rashmisarode/IdeaProjects/CMPE202-Individual-Project/target/classes:/home/rashmisarode/.m2/repository/com/opencsv/opencsv/5.1/opencsv-5.1.jar:/home/rashmisarode/.m2/repository/org/apache/commons/commons-lang3/3.9/commons-lang3-3.9.jar:/home/rashmisarode/.m2/repository/org/apache/commons/commons-text/1.8/commons-text-1.8.jar:/home/rashmisarode/.m2/repository/commons-beanutils/commons-beanutils/1.9.4/commons-beanutils-1.9.4.jar:/home/rashmisarode/.m2/repository/commons-logging/commons-logging/1.2/commons-logging-1.2.jar:/home/rashmisarode/.m2/repository/commons-collections/commons-collections/3.2.2/commons-collections-3.2.2.jar:/home/rashmisarode/.m2/repository/org/apache/commons/commons-collections4/4.4/commons-collections4-4.4.jar:/home/rashmisarode/.m2/repository/com/googlecode/json-simple/json-simple/1.1.1/json-simple-1.1.1.jar:/home/rashmisarode/.m2/repository/com/cedarsoftware/json-io/4.12.0/json-io-4.12.0.jar:/home/rashmisarode/.m2/repository/junit/junit/4.11/junit-4.11.jar:/home/rashmisarode/.m2/repository/org/hamcrest/hamcrest-core/1.3/hamcrest-core-1.3.jar:"/>
    <property name="sun.cpu.endian" value="little"/>
    <property name="user.home" value="/home/rashmisarode"/>
    <property name="user.language" value="en"/>
    <property name="java.specification.vendor" value="Oracle Corporation"/>
    <property name="java.version.date" value="2020-04-14"/>
    <property name="java.home" value="/usr/lib/jvm/java-11-openjdk-amd64"/>
    <property name="file.separator" value="/"/>
    <property name="basedir" value="/home/rashmisarode/IdeaProjects/CMPE202-Individual-Project"/>
    <property name="java.vm.compressedOopsMode" value="Zero based"/>
    <property name="line.separator" value="&#10;"/>
    <property name="java.specification.name" value="Java Platform API Specification"/>
    <property name="java.vm.specification.vendor" value="Oracle Corporation"/>
    <property name="java.awt.graphicsenv" value="sun.awt.X11GraphicsEnvironment"/>
    <property name="surefire.real.class.path" value="/home/rashmisarode/IdeaProjects/CMPE202-Individual-Project/target/surefire/surefirebooter5741269425920362783.jar"/>
    <property name="sun.management.compiler" value="HotSpot 64-Bit Tiered Compilers"/>
    <property name="java.runtime.version" value="11.0.7+10-post-Ubuntu-2ubuntu218.04"/>
    <property name="user.name" value="rashmisarode"/>
    <property name="path.separator" value=":"/>
    <property name="os.version" value="4.15.0-96-generic"/>
    <property name="java.runtime.name" value="OpenJDK Runtime Environment"/>
    <property name="file.encoding" value="UTF-8"/>
    <property name="java.vm.name" value="OpenJDK 64-Bit Server VM"/>
    <property name="localRepository" value="/home/rashmisarode/.m2/repository"/>
    <property name="java.vendor.url.bug" value="https://bugs.launchpad.net/ubuntu/+source/openjdk-lts"/>
    <property name="java.io.tmpdir" value="/tmp"/>
    <property name="java.version" value="11.0.7"/>
    <property name="user.dir" value="/home/rashmisarode/IdeaProjects/CMPE202-Individual-Project"/>
    <property name="os.arch" value="amd64"/>
    <property name="java.vm.specification.name" value="Java Virtual Machine Specification"/>
    <property name="java.awt.printerjob" value="sun.print.PSPrinterJob"/>
    <property name="sun.os.patch.level" value="unknown"/>
    <property name="java.library.path" value="/usr/java/packages/lib:/usr/lib/x86_64-linux-gnu/jni:/lib/x86_64-linux-gnu:/usr/lib/x86_64-linux-gnu:/usr/lib/jni:/lib:/usr/lib"/>
    <property name="java.vendor" value="Ubuntu"/>
    <property name="java.vm.info" value="mixed mode, sharing"/>
    <property name="java.vm.version" value="11.0.7+10-post-Ubuntu-2ubuntu218.04"/>
    <property name="sun.io.unicode.encoding" value="UnicodeLittle"/>
    <property name="java.class.version" value="55.0"/>
  </properties>
  <testcase name="testXmlParser" classname="org.sjsu.cmpe202.parser.XmlFileParserTest" time="0.164"/>
  <testcase name="testEmptyFile" classname="org.sjsu.cmpe202.parser.XmlFileParserTest" time="0.002"/>
  <testcase name="testInvalidXmlParameters" classname="org.sjsu.cmpe202.parser.XmlFileParserTest" time="0.012"/>
</testsuite>